 2022-03-22 00:03:71 || [ [31merror[39m ] â–¶ [31muncaughtException: Cannot find module 'express-session'[39m
[31mRequire stack:[39m
[31m- C:\Users\sung ho\Desktop\SWC_SE\app.js[39m
[31mError: Cannot find module 'express-session'[39m
[31mRequire stack:[39m
[31m- C:\Users\sung ho\Desktop\SWC_SE\app.js[39m
[31m    at Function.Module._resolveFilename (node:internal/modules/cjs/loader:933:15)[39m
[31m    at Function.Module._load (node:internal/modules/cjs/loader:778:27)[39m
[31m    at Module.require (node:internal/modules/cjs/loader:1005:19)[39m
[31m    at require (node:internal/modules/cjs/helpers:102:18)[39m
[31m    at Object.<anonymous> (C:\Users\sung ho\Desktop\SWC_SE\app.js:40:17)[39m
[31m    at Module._compile (node:internal/modules/cjs/loader:1101:14)[39m
[31m    at Object.Module._extensions..js (node:internal/modules/cjs/loader:1153:10)[39m
[31m    at Module.load (node:internal/modules/cjs/loader:981:32)[39m
[31m    at Function.Module._load (node:internal/modules/cjs/loader:822:12)[39m
[31m    at Function.executeUserEntryPoint [as runMain] (node:internal/modules/run_main:81:12)[39m
 2022-03-22 00:03:64 || [ [31merror[39m ] â–¶ [31muncaughtException: Cannot find module 'express-session'[39m
[31mRequire stack:[39m
[31m- C:\Users\sung ho\Desktop\SWC_SE\app.js[39m
[31mError: Cannot find module 'express-session'[39m
[31mRequire stack:[39m
[31m- C:\Users\sung ho\Desktop\SWC_SE\app.js[39m
[31m    at Function.Module._resolveFilename (node:internal/modules/cjs/loader:933:15)[39m
[31m    at Function.Module._load (node:internal/modules/cjs/loader:778:27)[39m
[31m    at Module.require (node:internal/modules/cjs/loader:1005:19)[39m
[31m    at require (node:internal/modules/cjs/helpers:102:18)[39m
[31m    at Object.<anonymous> (C:\Users\sung ho\Desktop\SWC_SE\app.js:41:17)[39m
[31m    at Module._compile (node:internal/modules/cjs/loader:1101:14)[39m
[31m    at Object.Module._extensions..js (node:internal/modules/cjs/loader:1153:10)[39m
[31m    at Module.load (node:internal/modules/cjs/loader:981:32)[39m
[31m    at Function.Module._load (node:internal/modules/cjs/loader:822:12)[39m
[31m    at Function.executeUserEntryPoint [as runMain] (node:internal/modules/run_main:81:12)[39m
 2022-03-22 00:03:63 || [ [31merror[39m ] â–¶ [31muncaughtException: Cannot find module 'express-session'[39m
[31mRequire stack:[39m
[31m- C:\Users\sung ho\Desktop\SWC_SE\app.js[39m
[31mError: Cannot find module 'express-session'[39m
[31mRequire stack:[39m
[31m- C:\Users\sung ho\Desktop\SWC_SE\app.js[39m
[31m    at Function.Module._resolveFilename (node:internal/modules/cjs/loader:933:15)[39m
[31m    at Function.Module._load (node:internal/modules/cjs/loader:778:27)[39m
[31m    at Module.require (node:internal/modules/cjs/loader:1005:19)[39m
[31m    at require (node:internal/modules/cjs/helpers:102:18)[39m
[31m    at Object.<anonymous> (C:\Users\sung ho\Desktop\SWC_SE\app.js:41:17)[39m
[31m    at Module._compile (node:internal/modules/cjs/loader:1101:14)[39m
[31m    at Object.Module._extensions..js (node:internal/modules/cjs/loader:1153:10)[39m
[31m    at Module.load (node:internal/modules/cjs/loader:981:32)[39m
[31m    at Function.Module._load (node:internal/modules/cjs/loader:822:12)[39m
[31m    at Function.executeUserEntryPoint [as runMain] (node:internal/modules/run_main:81:12)[39m
 2022-03-22 00:03:03 || [ [32minfo[39m ] â–¶ [32më¡œê·¸ ì¶œë ¥ testìš© middleware[39m
 2022-03-22 00:03:04 || [ [31merror[39m ] â–¶ [31merror ë©”ì‹œì§€[39m
 2022-03-22 00:03:04 || [ [33mwarn[39m ] â–¶ [33mwarn ë©”ì‹œì§€[39m
 2022-03-22 00:03:04 || [ [32minfo[39m ] â–¶ [32minfo ë©”ì‹œì§€[39m
 2022-03-22 00:03:51 || [ [31merror[39m ] â–¶ [31muncaughtException: winston is not defined[39m
[31mReferenceError: winston is not defined[39m
[31m    at Object.<anonymous> (C:\Users\sung ho\Desktop\SWC_SE\app.js:35:18)[39m
[31m    at Module._compile (node:internal/modules/cjs/loader:1101:14)[39m
[31m    at Object.Module._extensions..js (node:internal/modules/cjs/loader:1153:10)[39m
[31m    at Module.load (node:internal/modules/cjs/loader:981:32)[39m
[31m    at Function.Module._load (node:internal/modules/cjs/loader:822:12)[39m
[31m    at Function.executeUserEntryPoint [as runMain] (node:internal/modules/run_main:81:12)[39m
[31m    at node:internal/main/run_main_module:17:47[39m
 2022-03-22 00:03:13 || [ [32minfo[39m ] â–¶ [32më¡œê·¸ ì¶œë ¥ testìš© middleware[39m
 2022-03-22 00:03:14 || [ [31merror[39m ] â–¶ [31merror ë©”ì‹œì§€[39m
 2022-03-22 00:03:14 || [ [33mwarn[39m ] â–¶ [33mwarn ë©”ì‹œì§€[39m
 2022-03-22 00:03:14 || [ [32minfo[39m ] â–¶ [32minfo ë©”ì‹œì§€[39m
 2022-03-22 00:03:73 || [ [32minfo[39m ] â–¶ [32më¡œê·¸ ì¶œë ¥ testìš© middleware[39m
 2022-03-22 00:03:74 || [ [31merror[39m ] â–¶ [31merror ë©”ì‹œì§€[39m
 2022-03-22 00:03:74 || [ [33mwarn[39m ] â–¶ [33mwarn ë©”ì‹œì§€[39m
 2022-03-22 00:03:74 || [ [32minfo[39m ] â–¶ [32minfo ë©”ì‹œì§€[39m
 2022-03-22 00:03:66 || [ info ] â–¶ ë¡œê·¸ ì¶œë ¥ testìš© middleware
 2022-03-22 00:03:67 || [ error ] â–¶ error ë©”ì‹œì§€
 2022-03-22 00:03:67 || [ warn ] â–¶ warn ë©”ì‹œì§€
 2022-03-22 00:03:67 || [ info ] â–¶ info ë©”ì‹œì§€
 2022-03-22 00:03:52 || [ error ] â–¶ error ë©”ì‹œì§€
 2022-03-22 00:03:54 || [ warn ] â–¶ warn ë©”ì‹œì§€
 2022-03-22 00:03:54 || [ info ] â–¶ info ë©”ì‹œì§€
 2022-03-22 00:03:95 || [ error ] â–¶ uncaughtException: Cannot find module 'express-session'
Require stack:
- C:\Users\sung ho\Desktop\SWC_SE\app.js
Error: Cannot find module 'express-session'
Require stack:
- C:\Users\sung ho\Desktop\SWC_SE\app.js
    at Function.Module._resolveFilename (node:internal/modules/cjs/loader:933:15)
    at Function.Module._load (node:internal/modules/cjs/loader:778:27)
    at Module.require (node:internal/modules/cjs/loader:1005:19)
    at require (node:internal/modules/cjs/helpers:102:18)
    at Object.<anonymous> (C:\Users\sung ho\Desktop\SWC_SE\app.js:41:17)
    at Module._compile (node:internal/modules/cjs/loader:1101:14)
    at Object.Module._extensions..js (node:internal/modules/cjs/loader:1153:10)
    at Module.load (node:internal/modules/cjs/loader:981:32)
    at Function.Module._load (node:internal/modules/cjs/loader:822:12)
    at Function.executeUserEntryPoint [as runMain] (node:internal/modules/run_main:81:12)
 2022-03-22 00:03:89 || [ error ] â–¶ uncaughtException: Cannot find module 'express-session'
Require stack:
- C:\Users\sung ho\Desktop\SWC_SE\app.js
Error: Cannot find module 'express-session'
Require stack:
- C:\Users\sung ho\Desktop\SWC_SE\app.js
    at Function.Module._resolveFilename (node:internal/modules/cjs/loader:933:15)
    at Function.Module._load (node:internal/modules/cjs/loader:778:27)
    at Module.require (node:internal/modules/cjs/loader:1005:19)
    at require (node:internal/modules/cjs/helpers:102:18)
    at Object.<anonymous> (C:\Users\sung ho\Desktop\SWC_SE\app.js:41:17)
    at Module._compile (node:internal/modules/cjs/loader:1101:14)
    at Object.Module._extensions..js (node:internal/modules/cjs/loader:1153:10)
    at Module.load (node:internal/modules/cjs/loader:981:32)
    at Function.Module._load (node:internal/modules/cjs/loader:822:12)
    at Function.executeUserEntryPoint [as runMain] (node:internal/modules/run_main:81:12)
 2022-03-22 00:03:95 || [ error ] â–¶ uncaughtException: Cannot find module 'passport'
Require stack:
- C:\Users\sung ho\Desktop\SWC_SE\app.js
Error: Cannot find module 'passport'
Require stack:
- C:\Users\sung ho\Desktop\SWC_SE\app.js
    at Function.Module._resolveFilename (node:internal/modules/cjs/loader:933:15)
    at Function.Module._load (node:internal/modules/cjs/loader:778:27)
    at Module.require (node:internal/modules/cjs/loader:1005:19)
    at require (node:internal/modules/cjs/helpers:102:18)
    at Object.<anonymous> (C:\Users\sung ho\Desktop\SWC_SE\app.js:42:18)
    at Module._compile (node:internal/modules/cjs/loader:1101:14)
    at Object.Module._extensions..js (node:internal/modules/cjs/loader:1153:10)
    at Module.load (node:internal/modules/cjs/loader:981:32)
    at Function.Module._load (node:internal/modules/cjs/loader:822:12)
    at Function.executeUserEntryPoint [as runMain] (node:internal/modules/run_main:81:12)
 2022-03-22 00:03:02 || [ error ] â–¶ uncaughtException: Cannot find module './passport'
Require stack:
- C:\Users\sung ho\Desktop\SWC_SE\app.js
Error: Cannot find module './passport'
Require stack:
- C:\Users\sung ho\Desktop\SWC_SE\app.js
    at Function.Module._resolveFilename (node:internal/modules/cjs/loader:933:15)
    at Function.Module._load (node:internal/modules/cjs/loader:778:27)
    at Module.require (node:internal/modules/cjs/loader:1005:19)
    at require (node:internal/modules/cjs/helpers:102:18)
    at Object.<anonymous> (C:\Users\sung ho\Desktop\SWC_SE\app.js:43:24)
    at Module._compile (node:internal/modules/cjs/loader:1101:14)
    at Object.Module._extensions..js (node:internal/modules/cjs/loader:1153:10)
    at Module.load (node:internal/modules/cjs/loader:981:32)
    at Function.Module._load (node:internal/modules/cjs/loader:822:12)
    at Function.executeUserEntryPoint [as runMain] (node:internal/modules/run_main:81:12)
 2022-03-22 00:03:37 || [ error ] â–¶ uncaughtException: session is not defined
ReferenceError: session is not defined
    at Object.<anonymous> (C:\Users\sung ho\Desktop\SWC_SE\app.js:49:5)
    at Module._compile (node:internal/modules/cjs/loader:1101:14)
    at Object.Module._extensions..js (node:internal/modules/cjs/loader:1153:10)
    at Module.load (node:internal/modules/cjs/loader:981:32)
    at Function.Module._load (node:internal/modules/cjs/loader:822:12)
    at Function.executeUserEntryPoint [as runMain] (node:internal/modules/run_main:81:12)
    at node:internal/main/run_main_module:17:47
 2022-03-22 00:03:67 || [ error ] â–¶ uncaughtException: Cannot find module 'express-session'
Require stack:
- C:\Users\sung ho\Desktop\SWC_SE\app.js
Error: Cannot find module 'express-session'
Require stack:
- C:\Users\sung ho\Desktop\SWC_SE\app.js
    at Function.Module._resolveFilename (node:internal/modules/cjs/loader:933:15)
    at Function.Module._load (node:internal/modules/cjs/loader:778:27)
    at Module.require (node:internal/modules/cjs/loader:1005:19)
    at require (node:internal/modules/cjs/helpers:102:18)
    at Object.<anonymous> (C:\Users\sung ho\Desktop\SWC_SE\app.js:41:17)
    at Module._compile (node:internal/modules/cjs/loader:1101:14)
    at Object.Module._extensions..js (node:internal/modules/cjs/loader:1153:10)
    at Module.load (node:internal/modules/cjs/loader:981:32)
    at Function.Module._load (node:internal/modules/cjs/loader:822:12)
    at Function.executeUserEntryPoint [as runMain] (node:internal/modules/run_main:81:12)
 2022-03-22 00:03:04 || [ error ] â–¶ uncaughtException: passportConfig is not a function
TypeError: passportConfig is not a function
    at Object.<anonymous> (C:\Users\sung ho\Desktop\SWC_SE\app.js:60:1)
    at Module._compile (node:internal/modules/cjs/loader:1101:14)
    at Object.Module._extensions..js (node:internal/modules/cjs/loader:1153:10)
    at Module.load (node:internal/modules/cjs/loader:981:32)
    at Function.Module._load (node:internal/modules/cjs/loader:822:12)
    at Function.executeUserEntryPoint [as runMain] (node:internal/modules/run_main:81:12)
    at node:internal/main/run_main_module:17:47
 2022-03-22 01:03:83 || [ error ] â–¶ uncaughtException: session is not defined
ReferenceError: session is not defined
    at Object.<anonymous> (C:\Users\sung ho\Desktop\SWC_SE\app.js:49:5)
    at Module._compile (node:internal/modules/cjs/loader:1101:14)
    at Object.Module._extensions..js (node:internal/modules/cjs/loader:1153:10)
    at Module.load (node:internal/modules/cjs/loader:981:32)
    at Function.Module._load (node:internal/modules/cjs/loader:822:12)
    at Function.executeUserEntryPoint [as runMain] (node:internal/modules/run_main:81:12)
    at node:internal/main/run_main_module:17:47
 2022-03-22 01:03:56 || [ error ] â–¶ uncaughtException: passport is not defined
ReferenceError: passport is not defined
    at Object.<anonymous> (C:\Users\sung ho\Desktop\SWC_SE\app.js:58:9)
    at Module._compile (node:internal/modules/cjs/loader:1101:14)
    at Object.Module._extensions..js (node:internal/modules/cjs/loader:1153:10)
    at Module.load (node:internal/modules/cjs/loader:981:32)
    at Function.Module._load (node:internal/modules/cjs/loader:822:12)
    at Function.executeUserEntryPoint [as runMain] (node:internal/modules/run_main:81:12)
    at node:internal/main/run_main_module:17:47
 2022-03-22 01:03:00 || [ error ] â–¶ uncaughtException: passport is not defined
ReferenceError: passport is not defined
    at Object.<anonymous> (C:\Users\sung ho\Desktop\SWC_SE\app.js:58:9)
    at Module._compile (node:internal/modules/cjs/loader:1101:14)
    at Object.Module._extensions..js (node:internal/modules/cjs/loader:1153:10)
    at Module.load (node:internal/modules/cjs/loader:981:32)
    at Function.Module._load (node:internal/modules/cjs/loader:822:12)
    at Function.executeUserEntryPoint [as runMain] (node:internal/modules/run_main:81:12)
    at node:internal/main/run_main_module:17:47
 2022-03-22 01:03:49 || [ error ] â–¶ uncaughtException: port is not defined
ReferenceError: port is not defined
    at Object.<anonymous> (C:\Users\sung ho\Desktop\SWC_SE\app.js:68:12)
    at Module._compile (node:internal/modules/cjs/loader:1101:14)
    at Object.Module._extensions..js (node:internal/modules/cjs/loader:1153:10)
    at Module.load (node:internal/modules/cjs/loader:981:32)
    at Function.Module._load (node:internal/modules/cjs/loader:822:12)
    at Function.executeUserEntryPoint [as runMain] (node:internal/modules/run_main:81:12)
    at node:internal/main/run_main_module:17:47
 2022-03-22 01:03:49 || [ error ] â–¶ error ë©”ì‹œì§€
 2022-03-22 01:03:50 || [ warn ] â–¶ warn ë©”ì‹œì§€
 2022-03-22 01:03:50 || [ info ] â–¶ info ë©”ì‹œì§€
 2022-03-22 01:03:37 || [ error ] â–¶ error ë©”ì‹œì§€
 2022-03-22 01:03:50 || [ warn ] â–¶ warn ë©”ì‹œì§€
 2022-03-22 01:03:54 || [ info ] â–¶ info ë©”ì‹œì§€
 2022-03-22 01:03:14 || [ [31merror[39m ] â–¶ [31merror ë©”ì‹œì§€[39m
 2022-03-22 01:03:15 || [ [33mwarn[39m ] â–¶ [33mwarn ë©”ì‹œì§€[39m
 2022-03-22 01:03:15 || [ [32minfo[39m ] â–¶ [32minfo ë©”ì‹œì§€[39m
 2022-03-22 01:03:71 || [ info ] â–¶ ë¡œê·¸ ì¶œë ¥ testìš© middleware
 2022-03-22 01:03:71 || [ error ] â–¶ error ë©”ì‹œì§€
 2022-03-22 01:03:71 || [ warn ] â–¶ warn ë©”ì‹œì§€
 2022-03-22 01:03:71 || [ info ] â–¶ info ë©”ì‹œì§€
 2022-03-22 01:03:100 || [ info ] â–¶ ë¡œê·¸ ì¶œë ¥ testìš© middleware
 2022-03-22 01:03:00 || [ error ] â–¶ error ë©”ì‹œì§€
 2022-03-22 01:03:00 || [ warn ] â–¶ warn ë©”ì‹œì§€
 2022-03-22 01:03:00 || [ info ] â–¶ info ë©”ì‹œì§€
 2022-03-22 01:03:07 || [ error ] â–¶ uncaughtException: Missing where attribute in the options parameter
AssertionError [ERR_ASSERTION]: Missing where attribute in the options parameter
    at Function._optionsMustContainWhere (C:\Users\sung ho\Desktop\SWC_SE\node_modules\sequelize\lib\model.js:2063:5)
    at Function.update (C:\Users\sung ho\Desktop\SWC_SE\node_modules\sequelize\lib\model.js:1829:10)
    at C:\Users\sung ho\Desktop\SWC_SE\routes\board\boardService.js:118:15
    at new Promise (<anonymous>)
    at Object.remakeBoard (C:\Users\sung ho\Desktop\SWC_SE\routes\board\boardService.js:116:12)
    at remakeBoard (C:\Users\sung ho\Desktop\SWC_SE\routes\board\boardController.js:30:22)
    at Layer.handle [as handle_request] (C:\Users\sung ho\Desktop\SWC_SE\node_modules\express\lib\router\layer.js:95:5)
    at next (C:\Users\sung ho\Desktop\SWC_SE\node_modules\express\lib\router\route.js:137:13)
    at checkToken (C:\Users\sung ho\Desktop\SWC_SE\middlewares\auth.js:22:9)
    at processTicksAndRejections (node:internal/process/task_queues:96:5)
 2022-03-22 01:03:52 || [ info ] â–¶ ë¡œê·¸ ì¶œë ¥ testìš© middleware
 2022-03-22 01:03:53 || [ error ] â–¶ error ë©”ì‹œì§€
 2022-03-22 01:03:53 || [ warn ] â–¶ warn ë©”ì‹œì§€
 2022-03-22 01:03:53 || [ info ] â–¶ info ë©”ì‹œì§€
 2022-03-22 01:03:32 || [ info ] â–¶ ë¡œê·¸ ì¶œë ¥ testìš© middleware
 2022-03-22 01:03:33 || [ error ] â–¶ error ë©”ì‹œì§€
 2022-03-22 01:03:33 || [ warn ] â–¶ warn ë©”ì‹œì§€
 2022-03-22 01:03:33 || [ info ] â–¶ info ë©”ì‹œì§€
 2022-03-22 01:03:97 || [ info ] â–¶ ë¡œê·¸ ì¶œë ¥ testìš© middleware
 2022-03-22 01:03:99 || [ error ] â–¶ error ë©”ì‹œì§€
 2022-03-22 01:03:99 || [ warn ] â–¶ warn ë©”ì‹œì§€
 2022-03-22 01:03:99 || [ info ] â–¶ info ë©”ì‹œì§€
 2022-03-22 01:03:50 || [ info ] â–¶ ë¡œê·¸ ì¶œë ¥ testìš© middleware
 2022-03-22 01:03:51 || [ error ] â–¶ error ë©”ì‹œì§€
 2022-03-22 01:03:51 || [ warn ] â–¶ warn ë©”ì‹œì§€
 2022-03-22 01:03:51 || [ info ] â–¶ info ë©”ì‹œì§€
 2022-03-22 01:03:57 || [ error ] â–¶ uncaughtException: Missing where attribute in the options parameter
AssertionError [ERR_ASSERTION]: Missing where attribute in the options parameter
    at Function._optionsMustContainWhere (C:\Users\sung ho\Desktop\SWC_SE\node_modules\sequelize\lib\model.js:2063:5)
    at Function.update (C:\Users\sung ho\Desktop\SWC_SE\node_modules\sequelize\lib\model.js:1829:10)
    at C:\Users\sung ho\Desktop\SWC_SE\routes\board\boardService.js:118:15
    at new Promise (<anonymous>)
    at Object.remakeBoard (C:\Users\sung ho\Desktop\SWC_SE\routes\board\boardService.js:116:12)
    at remakeBoard (C:\Users\sung ho\Desktop\SWC_SE\routes\board\boardController.js:30:22)
    at Layer.handle [as handle_request] (C:\Users\sung ho\Desktop\SWC_SE\node_modules\express\lib\router\layer.js:95:5)
    at next (C:\Users\sung ho\Desktop\SWC_SE\node_modules\express\lib\router\route.js:137:13)
    at checkToken (C:\Users\sung ho\Desktop\SWC_SE\middlewares\auth.js:22:9)
    at processTicksAndRejections (node:internal/process/task_queues:96:5)
 2022-03-22 01:03:70 || [ info ] â–¶ ë¡œê·¸ ì¶œë ¥ testìš© middleware
 2022-03-22 01:03:71 || [ error ] â–¶ error ë©”ì‹œì§€
 2022-03-22 01:03:71 || [ warn ] â–¶ warn ë©”ì‹œì§€
 2022-03-22 01:03:71 || [ info ] â–¶ info ë©”ì‹œì§€
 2022-03-22 01:03:81 || [ error ] â–¶ uncaughtException: Missing where attribute in the options parameter
AssertionError [ERR_ASSERTION]: Missing where attribute in the options parameter
    at Function._optionsMustContainWhere (C:\Users\sung ho\Desktop\SWC_SE\node_modules\sequelize\lib\model.js:2063:5)
    at Function.update (C:\Users\sung ho\Desktop\SWC_SE\node_modules\sequelize\lib\model.js:1829:10)
    at C:\Users\sung ho\Desktop\SWC_SE\routes\board\boardService.js:118:15
    at new Promise (<anonymous>)
    at Object.remakeBoard (C:\Users\sung ho\Desktop\SWC_SE\routes\board\boardService.js:116:12)
    at remakeBoard (C:\Users\sung ho\Desktop\SWC_SE\routes\board\boardController.js:30:22)
    at Layer.handle [as handle_request] (C:\Users\sung ho\Desktop\SWC_SE\node_modules\express\lib\router\layer.js:95:5)
    at next (C:\Users\sung ho\Desktop\SWC_SE\node_modules\express\lib\router\route.js:137:13)
    at checkToken (C:\Users\sung ho\Desktop\SWC_SE\middlewares\auth.js:22:9)
    at processTicksAndRejections (node:internal/process/task_queues:96:5)
 2022-03-22 01:03:55 || [ info ] â–¶ ë¡œê·¸ ì¶œë ¥ testìš© middleware
 2022-03-22 01:03:55 || [ error ] â–¶ error ë©”ì‹œì§€
 2022-03-22 01:03:55 || [ warn ] â–¶ warn ë©”ì‹œì§€
 2022-03-22 01:03:55 || [ info ] â–¶ info ë©”ì‹œì§€
 2022-03-22 01:03:62 || [ info ] â–¶ ë¡œê·¸ ì¶œë ¥ testìš© middleware
 2022-03-22 01:03:64 || [ error ] â–¶ error ë©”ì‹œì§€
 2022-03-22 01:03:64 || [ warn ] â–¶ warn ë©”ì‹œì§€
 2022-03-22 01:03:64 || [ info ] â–¶ info ë©”ì‹œì§€
